CRITICAL - 2020-11-29 03:21:52 --> Invalid file: Register.php
#0 C:\xampp\htdocs\sistemKeluhan\vendor\codeigniter4\framework\system\View\View.php(228): CodeIgniter\Exceptions\FrameworkException::forInvalidFile('Register.php')
#1 C:\xampp\htdocs\sistemKeluhan\vendor\codeigniter4\framework\system\Common.php(1119): CodeIgniter\View\View->render('Register', Array, true)
#2 C:\xampp\htdocs\sistemKeluhan\app\Controllers\Register.php(7): view('Register')
#3 C:\xampp\htdocs\sistemKeluhan\vendor\codeigniter4\framework\system\CodeIgniter.php(918): App\Controllers\Register->index()
#4 C:\xampp\htdocs\sistemKeluhan\vendor\codeigniter4\framework\system\CodeIgniter.php(404): CodeIgniter\CodeIgniter->runController(Object(App\Controllers\Register))
#5 C:\xampp\htdocs\sistemKeluhan\vendor\codeigniter4\framework\system\CodeIgniter.php(312): CodeIgniter\CodeIgniter->handleRequest(NULL, Object(Config\Cache), false)
#6 C:\xampp\htdocs\sistemKeluhan\public\index.php(45): CodeIgniter\CodeIgniter->run()
#7 C:\xampp\htdocs\sistemKeluhan\vendor\codeigniter4\framework\system\Commands\Server\rewrite.php(34): require_once('C:\\xampp\\htdocs...')
#8 {main}
CRITICAL - 2020-11-29 04:49:57 --> Use of undefined constant layout - assumed 'layout' (this will throw an Error in a future version of PHP)
#0 C:\xampp\htdocs\sistemKeluhan\app\Views\welcome_message.php(1): CodeIgniter\Debug\Exceptions->errorHandler(2, 'Use of undefine...', 'C:\\xampp\\htdocs...', 1, Array)
#1 C:\xampp\htdocs\sistemKeluhan\vendor\codeigniter4\framework\system\View\View.php(246): include('C:\\xampp\\htdocs...')
#2 C:\xampp\htdocs\sistemKeluhan\vendor\codeigniter4\framework\system\Common.php(1119): CodeIgniter\View\View->render('welcome_message', Array, true)
#3 C:\xampp\htdocs\sistemKeluhan\app\Controllers\Home.php(7): view('welcome_message')
#4 C:\xampp\htdocs\sistemKeluhan\vendor\codeigniter4\framework\system\CodeIgniter.php(918): App\Controllers\Home->index()
#5 C:\xampp\htdocs\sistemKeluhan\vendor\codeigniter4\framework\system\CodeIgniter.php(404): CodeIgniter\CodeIgniter->runController(Object(App\Controllers\Home))
#6 C:\xampp\htdocs\sistemKeluhan\vendor\codeigniter4\framework\system\CodeIgniter.php(312): CodeIgniter\CodeIgniter->handleRequest(NULL, Object(Config\Cache), false)
#7 C:\xampp\htdocs\sistemKeluhan\public\index.php(45): CodeIgniter\CodeIgniter->run()
#8 C:\xampp\htdocs\sistemKeluhan\vendor\codeigniter4\framework\system\Commands\Server\rewrite.php(34): require_once('C:\\xampp\\htdocs...')
#9 {main}
CRITICAL - 2020-11-29 04:50:24 --> Use of undefined constant layout - assumed 'layout' (this will throw an Error in a future version of PHP)
#0 C:\xampp\htdocs\sistemKeluhan\app\Views\welcome_message.php(1): CodeIgniter\Debug\Exceptions->errorHandler(2, 'Use of undefine...', 'C:\\xampp\\htdocs...', 1, Array)
#1 C:\xampp\htdocs\sistemKeluhan\vendor\codeigniter4\framework\system\View\View.php(246): include('C:\\xampp\\htdocs...')
#2 C:\xampp\htdocs\sistemKeluhan\vendor\codeigniter4\framework\system\Common.php(1119): CodeIgniter\View\View->render('welcome_message', Array, true)
#3 C:\xampp\htdocs\sistemKeluhan\app\Controllers\Home.php(7): view('welcome_message')
#4 C:\xampp\htdocs\sistemKeluhan\vendor\codeigniter4\framework\system\CodeIgniter.php(918): App\Controllers\Home->index()
#5 C:\xampp\htdocs\sistemKeluhan\vendor\codeigniter4\framework\system\CodeIgniter.php(404): CodeIgniter\CodeIgniter->runController(Object(App\Controllers\Home))
#6 C:\xampp\htdocs\sistemKeluhan\vendor\codeigniter4\framework\system\CodeIgniter.php(312): CodeIgniter\CodeIgniter->handleRequest(NULL, Object(Config\Cache), false)
#7 C:\xampp\htdocs\sistemKeluhan\public\index.php(45): CodeIgniter\CodeIgniter->run()
#8 C:\xampp\htdocs\sistemKeluhan\vendor\codeigniter4\framework\system\Commands\Server\rewrite.php(34): require_once('C:\\xampp\\htdocs...')
#9 {main}
CRITICAL - 2020-11-29 04:50:26 --> Use of undefined constant layout - assumed 'layout' (this will throw an Error in a future version of PHP)
#0 C:\xampp\htdocs\sistemKeluhan\app\Views\welcome_message.php(1): CodeIgniter\Debug\Exceptions->errorHandler(2, 'Use of undefine...', 'C:\\xampp\\htdocs...', 1, Array)
#1 C:\xampp\htdocs\sistemKeluhan\vendor\codeigniter4\framework\system\View\View.php(246): include('C:\\xampp\\htdocs...')
#2 C:\xampp\htdocs\sistemKeluhan\vendor\codeigniter4\framework\system\Common.php(1119): CodeIgniter\View\View->render('welcome_message', Array, true)
#3 C:\xampp\htdocs\sistemKeluhan\app\Controllers\Home.php(7): view('welcome_message')
#4 C:\xampp\htdocs\sistemKeluhan\vendor\codeigniter4\framework\system\CodeIgniter.php(918): App\Controllers\Home->index()
#5 C:\xampp\htdocs\sistemKeluhan\vendor\codeigniter4\framework\system\CodeIgniter.php(404): CodeIgniter\CodeIgniter->runController(Object(App\Controllers\Home))
#6 C:\xampp\htdocs\sistemKeluhan\vendor\codeigniter4\framework\system\CodeIgniter.php(312): CodeIgniter\CodeIgniter->handleRequest(NULL, Object(Config\Cache), false)
#7 C:\xampp\htdocs\sistemKeluhan\public\index.php(45): CodeIgniter\CodeIgniter->run()
#8 C:\xampp\htdocs\sistemKeluhan\vendor\codeigniter4\framework\system\Commands\Server\rewrite.php(34): require_once('C:\\xampp\\htdocs...')
#9 {main}
CRITICAL - 2020-11-29 04:51:12 --> Use of undefined constant layout - assumed 'layout' (this will throw an Error in a future version of PHP)
#0 C:\xampp\htdocs\sistemKeluhan\app\Views\welcome_message.php(1): CodeIgniter\Debug\Exceptions->errorHandler(2, 'Use of undefine...', 'C:\\xampp\\htdocs...', 1, Array)
#1 C:\xampp\htdocs\sistemKeluhan\vendor\codeigniter4\framework\system\View\View.php(246): include('C:\\xampp\\htdocs...')
#2 C:\xampp\htdocs\sistemKeluhan\vendor\codeigniter4\framework\system\Common.php(1119): CodeIgniter\View\View->render('welcome_message', Array, true)
#3 C:\xampp\htdocs\sistemKeluhan\app\Controllers\Home.php(7): view('welcome_message')
#4 C:\xampp\htdocs\sistemKeluhan\vendor\codeigniter4\framework\system\CodeIgniter.php(918): App\Controllers\Home->index()
#5 C:\xampp\htdocs\sistemKeluhan\vendor\codeigniter4\framework\system\CodeIgniter.php(404): CodeIgniter\CodeIgniter->runController(Object(App\Controllers\Home))
#6 C:\xampp\htdocs\sistemKeluhan\vendor\codeigniter4\framework\system\CodeIgniter.php(312): CodeIgniter\CodeIgniter->handleRequest(NULL, Object(Config\Cache), false)
#7 C:\xampp\htdocs\sistemKeluhan\public\index.php(45): CodeIgniter\CodeIgniter->run()
#8 C:\xampp\htdocs\sistemKeluhan\vendor\codeigniter4\framework\system\Commands\Server\rewrite.php(34): require_once('C:\\xampp\\htdocs...')
#9 {main}
CRITICAL - 2020-11-29 04:51:15 --> Use of undefined constant layout - assumed 'layout' (this will throw an Error in a future version of PHP)
#0 C:\xampp\htdocs\sistemKeluhan\app\Views\welcome_message.php(1): CodeIgniter\Debug\Exceptions->errorHandler(2, 'Use of undefine...', 'C:\\xampp\\htdocs...', 1, Array)
#1 C:\xampp\htdocs\sistemKeluhan\vendor\codeigniter4\framework\system\View\View.php(246): include('C:\\xampp\\htdocs...')
#2 C:\xampp\htdocs\sistemKeluhan\vendor\codeigniter4\framework\system\Common.php(1119): CodeIgniter\View\View->render('welcome_message', Array, true)
#3 C:\xampp\htdocs\sistemKeluhan\app\Controllers\Home.php(7): view('welcome_message')
#4 C:\xampp\htdocs\sistemKeluhan\vendor\codeigniter4\framework\system\CodeIgniter.php(918): App\Controllers\Home->index()
#5 C:\xampp\htdocs\sistemKeluhan\vendor\codeigniter4\framework\system\CodeIgniter.php(404): CodeIgniter\CodeIgniter->runController(Object(App\Controllers\Home))
#6 C:\xampp\htdocs\sistemKeluhan\vendor\codeigniter4\framework\system\CodeIgniter.php(312): CodeIgniter\CodeIgniter->handleRequest(NULL, Object(Config\Cache), false)
#7 C:\xampp\htdocs\sistemKeluhan\public\index.php(45): CodeIgniter\CodeIgniter->run()
#8 C:\xampp\htdocs\sistemKeluhan\vendor\codeigniter4\framework\system\Commands\Server\rewrite.php(34): require_once('C:\\xampp\\htdocs...')
#9 {main}
CRITICAL - 2020-11-29 04:52:12 --> Invalid file: layout/template.php
#0 C:\xampp\htdocs\sistemKeluhan\vendor\codeigniter4\framework\system\View\View.php(228): CodeIgniter\Exceptions\FrameworkException::forInvalidFile('layout/template...')
#1 C:\xampp\htdocs\sistemKeluhan\vendor\codeigniter4\framework\system\View\View.php(257): CodeIgniter\View\View->render('layout/template', Array, true)
#2 C:\xampp\htdocs\sistemKeluhan\vendor\codeigniter4\framework\system\Common.php(1119): CodeIgniter\View\View->render('welcome_message', Array, true)
#3 C:\xampp\htdocs\sistemKeluhan\app\Controllers\Home.php(7): view('welcome_message')
#4 C:\xampp\htdocs\sistemKeluhan\vendor\codeigniter4\framework\system\CodeIgniter.php(918): App\Controllers\Home->index()
#5 C:\xampp\htdocs\sistemKeluhan\vendor\codeigniter4\framework\system\CodeIgniter.php(404): CodeIgniter\CodeIgniter->runController(Object(App\Controllers\Home))
#6 C:\xampp\htdocs\sistemKeluhan\vendor\codeigniter4\framework\system\CodeIgniter.php(312): CodeIgniter\CodeIgniter->handleRequest(NULL, Object(Config\Cache), false)
#7 C:\xampp\htdocs\sistemKeluhan\public\index.php(45): CodeIgniter\CodeIgniter->run()
#8 C:\xampp\htdocs\sistemKeluhan\vendor\codeigniter4\framework\system\Commands\Server\rewrite.php(34): require_once('C:\\xampp\\htdocs...')
#9 {main}
CRITICAL - 2020-11-29 04:56:27 --> Invalid file: register_view.php
#0 C:\xampp\htdocs\sistemKeluhan\vendor\codeigniter4\framework\system\View\View.php(228): CodeIgniter\Exceptions\FrameworkException::forInvalidFile('register_view.p...')
#1 C:\xampp\htdocs\sistemKeluhan\vendor\codeigniter4\framework\system\Common.php(1119): CodeIgniter\View\View->render('register_view', Array, true)
#2 C:\xampp\htdocs\sistemKeluhan\app\Controllers\Register.php(7): view('register_view')
#3 C:\xampp\htdocs\sistemKeluhan\vendor\codeigniter4\framework\system\CodeIgniter.php(918): App\Controllers\Register->index()
#4 C:\xampp\htdocs\sistemKeluhan\vendor\codeigniter4\framework\system\CodeIgniter.php(404): CodeIgniter\CodeIgniter->runController(Object(App\Controllers\Register))
#5 C:\xampp\htdocs\sistemKeluhan\vendor\codeigniter4\framework\system\CodeIgniter.php(312): CodeIgniter\CodeIgniter->handleRequest(NULL, Object(Config\Cache), false)
#6 C:\xampp\htdocs\sistemKeluhan\public\index.php(45): CodeIgniter\CodeIgniter->run()
#7 C:\xampp\htdocs\sistemKeluhan\vendor\codeigniter4\framework\system\Commands\Server\rewrite.php(34): require_once('C:\\xampp\\htdocs...')
#8 {main}
CRITICAL - 2020-11-29 04:57:11 --> Invalid file: register_view.php
#0 C:\xampp\htdocs\sistemKeluhan\vendor\codeigniter4\framework\system\View\View.php(228): CodeIgniter\Exceptions\FrameworkException::forInvalidFile('register_view.p...')
#1 C:\xampp\htdocs\sistemKeluhan\vendor\codeigniter4\framework\system\Common.php(1119): CodeIgniter\View\View->render('register_view', Array, true)
#2 C:\xampp\htdocs\sistemKeluhan\app\Controllers\Register.php(7): view('register_view')
#3 C:\xampp\htdocs\sistemKeluhan\vendor\codeigniter4\framework\system\CodeIgniter.php(918): App\Controllers\Register->index()
#4 C:\xampp\htdocs\sistemKeluhan\vendor\codeigniter4\framework\system\CodeIgniter.php(404): CodeIgniter\CodeIgniter->runController(Object(App\Controllers\Register))
#5 C:\xampp\htdocs\sistemKeluhan\vendor\codeigniter4\framework\system\CodeIgniter.php(312): CodeIgniter\CodeIgniter->handleRequest(NULL, Object(Config\Cache), false)
#6 C:\xampp\htdocs\sistemKeluhan\public\index.php(45): CodeIgniter\CodeIgniter->run()
#7 C:\xampp\htdocs\sistemKeluhan\vendor\codeigniter4\framework\system\Commands\Server\rewrite.php(34): require_once('C:\\xampp\\htdocs...')
#8 {main}
CRITICAL - 2020-11-29 04:57:47 --> Invalid file: register_view.php
#0 C:\xampp\htdocs\sistemKeluhan\vendor\codeigniter4\framework\system\View\View.php(228): CodeIgniter\Exceptions\FrameworkException::forInvalidFile('register_view.p...')
#1 C:\xampp\htdocs\sistemKeluhan\vendor\codeigniter4\framework\system\Common.php(1119): CodeIgniter\View\View->render('register_view', Array, true)
#2 C:\xampp\htdocs\sistemKeluhan\app\Controllers\Register.php(7): view('register_view')
#3 C:\xampp\htdocs\sistemKeluhan\vendor\codeigniter4\framework\system\CodeIgniter.php(918): App\Controllers\Register->index()
#4 C:\xampp\htdocs\sistemKeluhan\vendor\codeigniter4\framework\system\CodeIgniter.php(404): CodeIgniter\CodeIgniter->runController(Object(App\Controllers\Register))
#5 C:\xampp\htdocs\sistemKeluhan\vendor\codeigniter4\framework\system\CodeIgniter.php(312): CodeIgniter\CodeIgniter->handleRequest(NULL, Object(Config\Cache), false)
#6 C:\xampp\htdocs\sistemKeluhan\public\index.php(45): CodeIgniter\CodeIgniter->run()
#7 C:\xampp\htdocs\sistemKeluhan\vendor\codeigniter4\framework\system\Commands\Server\rewrite.php(34): require_once('C:\\xampp\\htdocs...')
#8 {main}
CRITICAL - 2020-11-29 04:59:44 --> Invalid file: register_view.php
#0 C:\xampp\htdocs\sistemKeluhan\vendor\codeigniter4\framework\system\View\View.php(228): CodeIgniter\Exceptions\FrameworkException::forInvalidFile('register_view.p...')
#1 C:\xampp\htdocs\sistemKeluhan\vendor\codeigniter4\framework\system\Common.php(1119): CodeIgniter\View\View->render('register_view', Array, true)
#2 C:\xampp\htdocs\sistemKeluhan\app\Controllers\Register.php(7): view('register_view')
#3 C:\xampp\htdocs\sistemKeluhan\vendor\codeigniter4\framework\system\CodeIgniter.php(918): App\Controllers\Register->index()
#4 C:\xampp\htdocs\sistemKeluhan\vendor\codeigniter4\framework\system\CodeIgniter.php(404): CodeIgniter\CodeIgniter->runController(Object(App\Controllers\Register))
#5 C:\xampp\htdocs\sistemKeluhan\vendor\codeigniter4\framework\system\CodeIgniter.php(312): CodeIgniter\CodeIgniter->handleRequest(NULL, Object(Config\Cache), false)
#6 C:\xampp\htdocs\sistemKeluhan\public\index.php(45): CodeIgniter\CodeIgniter->run()
#7 C:\xampp\htdocs\sistemKeluhan\vendor\codeigniter4\framework\system\Commands\Server\rewrite.php(34): require_once('C:\\xampp\\htdocs...')
#8 {main}
CRITICAL - 2020-11-29 05:01:11 --> Invalid file: register_view.php
#0 C:\xampp\htdocs\sistemKeluhan\vendor\codeigniter4\framework\system\View\View.php(228): CodeIgniter\Exceptions\FrameworkException::forInvalidFile('register_view.p...')
#1 C:\xampp\htdocs\sistemKeluhan\vendor\codeigniter4\framework\system\Common.php(1119): CodeIgniter\View\View->render('register_view', Array, true)
#2 C:\xampp\htdocs\sistemKeluhan\app\Controllers\Register.php(7): view('register_view')
#3 C:\xampp\htdocs\sistemKeluhan\vendor\codeigniter4\framework\system\CodeIgniter.php(918): App\Controllers\Register->index()
#4 C:\xampp\htdocs\sistemKeluhan\vendor\codeigniter4\framework\system\CodeIgniter.php(404): CodeIgniter\CodeIgniter->runController(Object(App\Controllers\Register))
#5 C:\xampp\htdocs\sistemKeluhan\vendor\codeigniter4\framework\system\CodeIgniter.php(312): CodeIgniter\CodeIgniter->handleRequest(NULL, Object(Config\Cache), false)
#6 C:\xampp\htdocs\sistemKeluhan\public\index.php(45): CodeIgniter\CodeIgniter->run()
#7 C:\xampp\htdocs\sistemKeluhan\vendor\codeigniter4\framework\system\Commands\Server\rewrite.php(34): require_once('C:\\xampp\\htdocs...')
#8 {main}
CRITICAL - 2020-11-29 05:01:34 --> Invalid file: register_view.php
#0 C:\xampp\htdocs\sistemKeluhan\vendor\codeigniter4\framework\system\View\View.php(228): CodeIgniter\Exceptions\FrameworkException::forInvalidFile('register_view.p...')
#1 C:\xampp\htdocs\sistemKeluhan\vendor\codeigniter4\framework\system\Common.php(1119): CodeIgniter\View\View->render('register_view', Array, true)
#2 C:\xampp\htdocs\sistemKeluhan\app\Controllers\Register.php(7): view('register_view')
#3 C:\xampp\htdocs\sistemKeluhan\vendor\codeigniter4\framework\system\CodeIgniter.php(918): App\Controllers\Register->index()
#4 C:\xampp\htdocs\sistemKeluhan\vendor\codeigniter4\framework\system\CodeIgniter.php(404): CodeIgniter\CodeIgniter->runController(Object(App\Controllers\Register))
#5 C:\xampp\htdocs\sistemKeluhan\vendor\codeigniter4\framework\system\CodeIgniter.php(312): CodeIgniter\CodeIgniter->handleRequest(NULL, Object(Config\Cache), false)
#6 C:\xampp\htdocs\sistemKeluhan\public\index.php(45): CodeIgniter\CodeIgniter->run()
#7 C:\xampp\htdocs\sistemKeluhan\vendor\codeigniter4\framework\system\Commands\Server\rewrite.php(34): require_once('C:\\xampp\\htdocs...')
#8 {main}
CRITICAL - 2020-11-29 05:01:38 --> Invalid file: register_view.php
#0 C:\xampp\htdocs\sistemKeluhan\vendor\codeigniter4\framework\system\View\View.php(228): CodeIgniter\Exceptions\FrameworkException::forInvalidFile('register_view.p...')
#1 C:\xampp\htdocs\sistemKeluhan\vendor\codeigniter4\framework\system\Common.php(1119): CodeIgniter\View\View->render('register_view', Array, true)
#2 C:\xampp\htdocs\sistemKeluhan\app\Controllers\Register.php(7): view('register_view')
#3 C:\xampp\htdocs\sistemKeluhan\vendor\codeigniter4\framework\system\CodeIgniter.php(918): App\Controllers\Register->index()
#4 C:\xampp\htdocs\sistemKeluhan\vendor\codeigniter4\framework\system\CodeIgniter.php(404): CodeIgniter\CodeIgniter->runController(Object(App\Controllers\Register))
#5 C:\xampp\htdocs\sistemKeluhan\vendor\codeigniter4\framework\system\CodeIgniter.php(312): CodeIgniter\CodeIgniter->handleRequest(NULL, Object(Config\Cache), false)
#6 C:\xampp\htdocs\sistemKeluhan\public\index.php(45): CodeIgniter\CodeIgniter->run()
#7 C:\xampp\htdocs\sistemKeluhan\vendor\codeigniter4\framework\system\Commands\Server\rewrite.php(34): require_once('C:\\xampp\\htdocs...')
#8 {main}
CRITICAL - 2020-11-29 05:02:16 --> Invalid file: ../template.php
#0 C:\xampp\htdocs\sistemKeluhan\vendor\codeigniter4\framework\system\View\View.php(228): CodeIgniter\Exceptions\FrameworkException::forInvalidFile('../template.php')
#1 C:\xampp\htdocs\sistemKeluhan\vendor\codeigniter4\framework\system\View\View.php(257): CodeIgniter\View\View->render('../template', Array, true)
#2 C:\xampp\htdocs\sistemKeluhan\vendor\codeigniter4\framework\system\Common.php(1119): CodeIgniter\View\View->render('userStuff/regis...', Array, true)
#3 C:\xampp\htdocs\sistemKeluhan\app\Controllers\Register.php(7): view('userStuff/regis...')
#4 C:\xampp\htdocs\sistemKeluhan\vendor\codeigniter4\framework\system\CodeIgniter.php(918): App\Controllers\Register->index()
#5 C:\xampp\htdocs\sistemKeluhan\vendor\codeigniter4\framework\system\CodeIgniter.php(404): CodeIgniter\CodeIgniter->runController(Object(App\Controllers\Register))
#6 C:\xampp\htdocs\sistemKeluhan\vendor\codeigniter4\framework\system\CodeIgniter.php(312): CodeIgniter\CodeIgniter->handleRequest(NULL, Object(Config\Cache), false)
#7 C:\xampp\htdocs\sistemKeluhan\public\index.php(45): CodeIgniter\CodeIgniter->run()
#8 C:\xampp\htdocs\sistemKeluhan\vendor\codeigniter4\framework\system\Commands\Server\rewrite.php(34): require_once('C:\\xampp\\htdocs...')
#9 {main}
CRITICAL - 2020-11-29 05:59:12 --> Class 'App\Controller\Controller' not found
#0 C:\xampp\htdocs\sistemKeluhan\vendor\codeigniter4\framework\system\Router\Router.php(583): include_once()
#1 C:\xampp\htdocs\sistemKeluhan\vendor\codeigniter4\framework\system\Router\Router.php(195): CodeIgniter\Router\Router->autoRoute('Login')
#2 C:\xampp\htdocs\sistemKeluhan\vendor\codeigniter4\framework\system\CodeIgniter.php(793): CodeIgniter\Router\Router->handle('Login')
#3 C:\xampp\htdocs\sistemKeluhan\vendor\codeigniter4\framework\system\CodeIgniter.php(364): CodeIgniter\CodeIgniter->tryToRouteIt(Object(CodeIgniter\Router\RouteCollection))
#4 C:\xampp\htdocs\sistemKeluhan\vendor\codeigniter4\framework\system\CodeIgniter.php(312): CodeIgniter\CodeIgniter->handleRequest(NULL, Object(Config\Cache), false)
#5 C:\xampp\htdocs\sistemKeluhan\public\index.php(45): CodeIgniter\CodeIgniter->run()
#6 C:\xampp\htdocs\sistemKeluhan\vendor\codeigniter4\framework\system\Commands\Server\rewrite.php(34): require_once('C:\\xampp\\htdocs...')
#7 {main}
CRITICAL - 2020-11-29 05:59:46 --> Class 'App\Controller\BaseController' not found
#0 C:\xampp\htdocs\sistemKeluhan\vendor\codeigniter4\framework\system\Router\Router.php(583): include_once()
#1 C:\xampp\htdocs\sistemKeluhan\vendor\codeigniter4\framework\system\Router\Router.php(195): CodeIgniter\Router\Router->autoRoute('Login')
#2 C:\xampp\htdocs\sistemKeluhan\vendor\codeigniter4\framework\system\CodeIgniter.php(793): CodeIgniter\Router\Router->handle('Login')
#3 C:\xampp\htdocs\sistemKeluhan\vendor\codeigniter4\framework\system\CodeIgniter.php(364): CodeIgniter\CodeIgniter->tryToRouteIt(Object(CodeIgniter\Router\RouteCollection))
#4 C:\xampp\htdocs\sistemKeluhan\vendor\codeigniter4\framework\system\CodeIgniter.php(312): CodeIgniter\CodeIgniter->handleRequest(NULL, Object(Config\Cache), false)
#5 C:\xampp\htdocs\sistemKeluhan\public\index.php(45): CodeIgniter\CodeIgniter->run()
#6 C:\xampp\htdocs\sistemKeluhan\vendor\codeigniter4\framework\system\Commands\Server\rewrite.php(34): require_once('C:\\xampp\\htdocs...')
#7 {main}
CRITICAL - 2020-11-29 06:05:44 --> Class 'App\Controller\BaseController' not found
#0 C:\xampp\htdocs\sistemKeluhan\vendor\codeigniter4\framework\system\Router\Router.php(583): include_once()
#1 C:\xampp\htdocs\sistemKeluhan\vendor\codeigniter4\framework\system\Router\Router.php(195): CodeIgniter\Router\Router->autoRoute('Login')
#2 C:\xampp\htdocs\sistemKeluhan\vendor\codeigniter4\framework\system\CodeIgniter.php(793): CodeIgniter\Router\Router->handle('Login')
#3 C:\xampp\htdocs\sistemKeluhan\vendor\codeigniter4\framework\system\CodeIgniter.php(364): CodeIgniter\CodeIgniter->tryToRouteIt(Object(CodeIgniter\Router\RouteCollection))
#4 C:\xampp\htdocs\sistemKeluhan\vendor\codeigniter4\framework\system\CodeIgniter.php(312): CodeIgniter\CodeIgniter->handleRequest(NULL, Object(Config\Cache), false)
#5 C:\xampp\htdocs\sistemKeluhan\public\index.php(45): CodeIgniter\CodeIgniter->run()
#6 C:\xampp\htdocs\sistemKeluhan\vendor\codeigniter4\framework\system\Commands\Server\rewrite.php(34): require_once('C:\\xampp\\htdocs...')
#7 {main}
CRITICAL - 2020-11-29 06:06:29 --> Class 'App\Controller\BaseController' not found
#0 C:\xampp\htdocs\sistemKeluhan\vendor\codeigniter4\framework\system\Router\Router.php(583): include_once()
#1 C:\xampp\htdocs\sistemKeluhan\vendor\codeigniter4\framework\system\Router\Router.php(195): CodeIgniter\Router\Router->autoRoute('Login')
#2 C:\xampp\htdocs\sistemKeluhan\vendor\codeigniter4\framework\system\CodeIgniter.php(793): CodeIgniter\Router\Router->handle('Login')
#3 C:\xampp\htdocs\sistemKeluhan\vendor\codeigniter4\framework\system\CodeIgniter.php(364): CodeIgniter\CodeIgniter->tryToRouteIt(Object(CodeIgniter\Router\RouteCollection))
#4 C:\xampp\htdocs\sistemKeluhan\vendor\codeigniter4\framework\system\CodeIgniter.php(312): CodeIgniter\CodeIgniter->handleRequest(NULL, Object(Config\Cache), false)
#5 C:\xampp\htdocs\sistemKeluhan\public\index.php(45): CodeIgniter\CodeIgniter->run()
#6 C:\xampp\htdocs\sistemKeluhan\vendor\codeigniter4\framework\system\Commands\Server\rewrite.php(34): require_once('C:\\xampp\\htdocs...')
#7 {main}
CRITICAL - 2020-11-29 06:13:19 --> Call to undefined method App\Controllers\Register::getVar()
#0 C:\xampp\htdocs\sistemKeluhan\vendor\codeigniter4\framework\system\CodeIgniter.php(918): App\Controllers\Register->save()
#1 C:\xampp\htdocs\sistemKeluhan\vendor\codeigniter4\framework\system\CodeIgniter.php(404): CodeIgniter\CodeIgniter->runController(Object(App\Controllers\Register))
#2 C:\xampp\htdocs\sistemKeluhan\vendor\codeigniter4\framework\system\CodeIgniter.php(312): CodeIgniter\CodeIgniter->handleRequest(NULL, Object(Config\Cache), false)
#3 C:\xampp\htdocs\sistemKeluhan\public\index.php(45): CodeIgniter\CodeIgniter->run()
#4 C:\xampp\htdocs\sistemKeluhan\vendor\codeigniter4\framework\system\Commands\Server\rewrite.php(34): require_once('C:\\xampp\\htdocs...')
#5 {main}
CRITICAL - 2020-11-29 06:39:50 --> syntax error, unexpected '{'
#0 C:\xampp\htdocs\sistemKeluhan\vendor\codeigniter4\framework\system\Router\Router.php(195): CodeIgniter\Router\Router->autoRoute('Register')
#1 C:\xampp\htdocs\sistemKeluhan\vendor\codeigniter4\framework\system\CodeIgniter.php(793): CodeIgniter\Router\Router->handle('Register')
#2 C:\xampp\htdocs\sistemKeluhan\vendor\codeigniter4\framework\system\CodeIgniter.php(364): CodeIgniter\CodeIgniter->tryToRouteIt(Object(CodeIgniter\Router\RouteCollection))
#3 C:\xampp\htdocs\sistemKeluhan\vendor\codeigniter4\framework\system\CodeIgniter.php(312): CodeIgniter\CodeIgniter->handleRequest(NULL, Object(Config\Cache), false)
#4 C:\xampp\htdocs\sistemKeluhan\public\index.php(45): CodeIgniter\CodeIgniter->run()
#5 C:\xampp\htdocs\sistemKeluhan\vendor\codeigniter4\framework\system\Commands\Server\rewrite.php(34): require_once('C:\\xampp\\htdocs...')
#6 {main}
CRITICAL - 2020-11-29 06:48:05 --> Call to undefined method App\Controllers\Register::Register_model()
#0 C:\xampp\htdocs\sistemKeluhan\vendor\codeigniter4\framework\system\CodeIgniter.php(918): App\Controllers\Register->save()
#1 C:\xampp\htdocs\sistemKeluhan\vendor\codeigniter4\framework\system\CodeIgniter.php(404): CodeIgniter\CodeIgniter->runController(Object(App\Controllers\Register))
#2 C:\xampp\htdocs\sistemKeluhan\vendor\codeigniter4\framework\system\CodeIgniter.php(312): CodeIgniter\CodeIgniter->handleRequest(NULL, Object(Config\Cache), false)
#3 C:\xampp\htdocs\sistemKeluhan\public\index.php(45): CodeIgniter\CodeIgniter->run()
#4 C:\xampp\htdocs\sistemKeluhan\vendor\codeigniter4\framework\system\Commands\Server\rewrite.php(34): require_once('C:\\xampp\\htdocs...')
#5 {main}
CRITICAL - 2020-11-29 06:49:31 --> Call to undefined method App\Controllers\Register::Register_model()
#0 C:\xampp\htdocs\sistemKeluhan\vendor\codeigniter4\framework\system\CodeIgniter.php(918): App\Controllers\Register->save()
#1 C:\xampp\htdocs\sistemKeluhan\vendor\codeigniter4\framework\system\CodeIgniter.php(404): CodeIgniter\CodeIgniter->runController(Object(App\Controllers\Register))
#2 C:\xampp\htdocs\sistemKeluhan\vendor\codeigniter4\framework\system\CodeIgniter.php(312): CodeIgniter\CodeIgniter->handleRequest(NULL, Object(Config\Cache), false)
#3 C:\xampp\htdocs\sistemKeluhan\public\index.php(45): CodeIgniter\CodeIgniter->run()
#4 C:\xampp\htdocs\sistemKeluhan\vendor\codeigniter4\framework\system\Commands\Server\rewrite.php(34): require_once('C:\\xampp\\htdocs...')
#5 {main}
CRITICAL - 2020-11-29 06:50:10 --> Call to undefined method App\Controllers\Register::Register_model()
#0 C:\xampp\htdocs\sistemKeluhan\vendor\codeigniter4\framework\system\CodeIgniter.php(918): App\Controllers\Register->save()
#1 C:\xampp\htdocs\sistemKeluhan\vendor\codeigniter4\framework\system\CodeIgniter.php(404): CodeIgniter\CodeIgniter->runController(Object(App\Controllers\Register))
#2 C:\xampp\htdocs\sistemKeluhan\vendor\codeigniter4\framework\system\CodeIgniter.php(312): CodeIgniter\CodeIgniter->handleRequest(NULL, Object(Config\Cache), false)
#3 C:\xampp\htdocs\sistemKeluhan\public\index.php(45): CodeIgniter\CodeIgniter->run()
#4 C:\xampp\htdocs\sistemKeluhan\vendor\codeigniter4\framework\system\Commands\Server\rewrite.php(34): require_once('C:\\xampp\\htdocs...')
#5 {main}
CRITICAL - 2020-11-29 06:53:39 --> Call to undefined method App\Controllers\Register::Register_model()
#0 C:\xampp\htdocs\sistemKeluhan\vendor\codeigniter4\framework\system\CodeIgniter.php(918): App\Controllers\Register->save()
#1 C:\xampp\htdocs\sistemKeluhan\vendor\codeigniter4\framework\system\CodeIgniter.php(404): CodeIgniter\CodeIgniter->runController(Object(App\Controllers\Register))
#2 C:\xampp\htdocs\sistemKeluhan\vendor\codeigniter4\framework\system\CodeIgniter.php(312): CodeIgniter\CodeIgniter->handleRequest(NULL, Object(Config\Cache), false)
#3 C:\xampp\htdocs\sistemKeluhan\public\index.php(45): CodeIgniter\CodeIgniter->run()
#4 C:\xampp\htdocs\sistemKeluhan\vendor\codeigniter4\framework\system\Commands\Server\rewrite.php(34): require_once('C:\\xampp\\htdocs...')
#5 {main}
CRITICAL - 2020-11-29 07:03:25 --> Class 'app\Models\Register_model' not found
#0 C:\xampp\htdocs\sistemKeluhan\vendor\codeigniter4\framework\system\CodeIgniter.php(890): App\Controllers\Register->__construct()
#1 C:\xampp\htdocs\sistemKeluhan\vendor\codeigniter4\framework\system\CodeIgniter.php(399): CodeIgniter\CodeIgniter->createController()
#2 C:\xampp\htdocs\sistemKeluhan\vendor\codeigniter4\framework\system\CodeIgniter.php(312): CodeIgniter\CodeIgniter->handleRequest(NULL, Object(Config\Cache), false)
#3 C:\xampp\htdocs\sistemKeluhan\public\index.php(45): CodeIgniter\CodeIgniter->run()
#4 C:\xampp\htdocs\sistemKeluhan\vendor\codeigniter4\framework\system\Commands\Server\rewrite.php(34): require_once('C:\\xampp\\htdocs...')
#5 {main}
CRITICAL - 2020-11-29 07:03:36 --> Class 'app\Models\Register_model' not found
#0 C:\xampp\htdocs\sistemKeluhan\vendor\codeigniter4\framework\system\CodeIgniter.php(890): App\Controllers\Register->__construct()
#1 C:\xampp\htdocs\sistemKeluhan\vendor\codeigniter4\framework\system\CodeIgniter.php(399): CodeIgniter\CodeIgniter->createController()
#2 C:\xampp\htdocs\sistemKeluhan\vendor\codeigniter4\framework\system\CodeIgniter.php(312): CodeIgniter\CodeIgniter->handleRequest(NULL, Object(Config\Cache), false)
#3 C:\xampp\htdocs\sistemKeluhan\public\index.php(45): CodeIgniter\CodeIgniter->run()
#4 C:\xampp\htdocs\sistemKeluhan\vendor\codeigniter4\framework\system\Commands\Server\rewrite.php(34): require_once('C:\\xampp\\htdocs...')
#5 {main}
CRITICAL - 2020-11-29 07:05:59 --> Class 'App\Models\Register_model' not found
#0 C:\xampp\htdocs\sistemKeluhan\vendor\codeigniter4\framework\system\CodeIgniter.php(890): App\Controllers\Register->__construct()
#1 C:\xampp\htdocs\sistemKeluhan\vendor\codeigniter4\framework\system\CodeIgniter.php(399): CodeIgniter\CodeIgniter->createController()
#2 C:\xampp\htdocs\sistemKeluhan\vendor\codeigniter4\framework\system\CodeIgniter.php(312): CodeIgniter\CodeIgniter->handleRequest(NULL, Object(Config\Cache), false)
#3 C:\xampp\htdocs\sistemKeluhan\public\index.php(45): CodeIgniter\CodeIgniter->run()
#4 C:\xampp\htdocs\sistemKeluhan\vendor\codeigniter4\framework\system\Commands\Server\rewrite.php(34): require_once('C:\\xampp\\htdocs...')
#5 {main}
CRITICAL - 2020-11-29 07:06:55 --> Trait 'App\Controllers\app\Models\Register_model' not found
#0 [internal function]: CodeIgniter\Debug\Exceptions->shutdownHandler()
#1 {main}
CRITICAL - 2020-11-29 07:07:26 --> Class 'app\Models\Register_model' not found
#0 C:\xampp\htdocs\sistemKeluhan\vendor\codeigniter4\framework\system\CodeIgniter.php(890): App\Controllers\Register->__construct()
#1 C:\xampp\htdocs\sistemKeluhan\vendor\codeigniter4\framework\system\CodeIgniter.php(399): CodeIgniter\CodeIgniter->createController()
#2 C:\xampp\htdocs\sistemKeluhan\vendor\codeigniter4\framework\system\CodeIgniter.php(312): CodeIgniter\CodeIgniter->handleRequest(NULL, Object(Config\Cache), false)
#3 C:\xampp\htdocs\sistemKeluhan\public\index.php(45): CodeIgniter\CodeIgniter->run()
#4 C:\xampp\htdocs\sistemKeluhan\vendor\codeigniter4\framework\system\Commands\Server\rewrite.php(34): require_once('C:\\xampp\\htdocs...')
#5 {main}
CRITICAL - 2020-11-29 07:08:44 --> Class 'App\Controllers\Register_model' not found
#0 C:\xampp\htdocs\sistemKeluhan\vendor\codeigniter4\framework\system\CodeIgniter.php(890): App\Controllers\Register->__construct()
#1 C:\xampp\htdocs\sistemKeluhan\vendor\codeigniter4\framework\system\CodeIgniter.php(399): CodeIgniter\CodeIgniter->createController()
#2 C:\xampp\htdocs\sistemKeluhan\vendor\codeigniter4\framework\system\CodeIgniter.php(312): CodeIgniter\CodeIgniter->handleRequest(NULL, Object(Config\Cache), false)
#3 C:\xampp\htdocs\sistemKeluhan\public\index.php(45): CodeIgniter\CodeIgniter->run()
#4 C:\xampp\htdocs\sistemKeluhan\vendor\codeigniter4\framework\system\Commands\Server\rewrite.php(34): require_once('C:\\xampp\\htdocs...')
#5 {main}
CRITICAL - 2020-11-29 07:09:04 --> Class 'App\Controllers\Register_model' not found
#0 C:\xampp\htdocs\sistemKeluhan\vendor\codeigniter4\framework\system\CodeIgniter.php(890): App\Controllers\Register->__construct()
#1 C:\xampp\htdocs\sistemKeluhan\vendor\codeigniter4\framework\system\CodeIgniter.php(399): CodeIgniter\CodeIgniter->createController()
#2 C:\xampp\htdocs\sistemKeluhan\vendor\codeigniter4\framework\system\CodeIgniter.php(312): CodeIgniter\CodeIgniter->handleRequest(NULL, Object(Config\Cache), false)
#3 C:\xampp\htdocs\sistemKeluhan\public\index.php(45): CodeIgniter\CodeIgniter->run()
#4 C:\xampp\htdocs\sistemKeluhan\vendor\codeigniter4\framework\system\Commands\Server\rewrite.php(34): require_once('C:\\xampp\\htdocs...')
#5 {main}
CRITICAL - 2020-11-29 07:09:23 --> Class 'app\Models\RegisterModel' not found
#0 C:\xampp\htdocs\sistemKeluhan\vendor\codeigniter4\framework\system\CodeIgniter.php(890): App\Controllers\Register->__construct()
#1 C:\xampp\htdocs\sistemKeluhan\vendor\codeigniter4\framework\system\CodeIgniter.php(399): CodeIgniter\CodeIgniter->createController()
#2 C:\xampp\htdocs\sistemKeluhan\vendor\codeigniter4\framework\system\CodeIgniter.php(312): CodeIgniter\CodeIgniter->handleRequest(NULL, Object(Config\Cache), false)
#3 C:\xampp\htdocs\sistemKeluhan\public\index.php(45): CodeIgniter\CodeIgniter->run()
#4 C:\xampp\htdocs\sistemKeluhan\vendor\codeigniter4\framework\system\Commands\Server\rewrite.php(34): require_once('C:\\xampp\\htdocs...')
#5 {main}
CRITICAL - 2020-11-29 07:12:02 --> Class 'app\Models\RegisterModel' not found
#0 C:\xampp\htdocs\sistemKeluhan\vendor\codeigniter4\framework\system\CodeIgniter.php(890): App\Controllers\Register->__construct()
#1 C:\xampp\htdocs\sistemKeluhan\vendor\codeigniter4\framework\system\CodeIgniter.php(399): CodeIgniter\CodeIgniter->createController()
#2 C:\xampp\htdocs\sistemKeluhan\vendor\codeigniter4\framework\system\CodeIgniter.php(312): CodeIgniter\CodeIgniter->handleRequest(NULL, Object(Config\Cache), false)
#3 C:\xampp\htdocs\sistemKeluhan\public\index.php(45): CodeIgniter\CodeIgniter->run()
#4 C:\xampp\htdocs\sistemKeluhan\vendor\codeigniter4\framework\system\Commands\Server\rewrite.php(34): require_once('C:\\xampp\\htdocs...')
#5 {main}
CRITICAL - 2020-11-29 07:14:29 --> Call to undefined method App\Controllers\Register::Register_model()
#0 C:\xampp\htdocs\sistemKeluhan\vendor\codeigniter4\framework\system\CodeIgniter.php(918): App\Controllers\Register->save()
#1 C:\xampp\htdocs\sistemKeluhan\vendor\codeigniter4\framework\system\CodeIgniter.php(404): CodeIgniter\CodeIgniter->runController(Object(App\Controllers\Register))
#2 C:\xampp\htdocs\sistemKeluhan\vendor\codeigniter4\framework\system\CodeIgniter.php(312): CodeIgniter\CodeIgniter->handleRequest(NULL, Object(Config\Cache), false)
#3 C:\xampp\htdocs\sistemKeluhan\public\index.php(45): CodeIgniter\CodeIgniter->run()
#4 C:\xampp\htdocs\sistemKeluhan\vendor\codeigniter4\framework\system\Commands\Server\rewrite.php(34): require_once('C:\\xampp\\htdocs...')
#5 {main}
CRITICAL - 2020-11-29 07:16:33 --> Call to undefined method App\Controllers\Register::RegisterModel()
#0 C:\xampp\htdocs\sistemKeluhan\vendor\codeigniter4\framework\system\CodeIgniter.php(918): App\Controllers\Register->save()
#1 C:\xampp\htdocs\sistemKeluhan\vendor\codeigniter4\framework\system\CodeIgniter.php(404): CodeIgniter\CodeIgniter->runController(Object(App\Controllers\Register))
#2 C:\xampp\htdocs\sistemKeluhan\vendor\codeigniter4\framework\system\CodeIgniter.php(312): CodeIgniter\CodeIgniter->handleRequest(NULL, Object(Config\Cache), false)
#3 C:\xampp\htdocs\sistemKeluhan\public\index.php(45): CodeIgniter\CodeIgniter->run()
#4 C:\xampp\htdocs\sistemKeluhan\vendor\codeigniter4\framework\system\Commands\Server\rewrite.php(34): require_once('C:\\xampp\\htdocs...')
#5 {main}
CRITICAL - 2020-11-29 07:16:41 --> Call to undefined method App\Controllers\Register::RegisterModel()
#0 C:\xampp\htdocs\sistemKeluhan\vendor\codeigniter4\framework\system\CodeIgniter.php(918): App\Controllers\Register->save()
#1 C:\xampp\htdocs\sistemKeluhan\vendor\codeigniter4\framework\system\CodeIgniter.php(404): CodeIgniter\CodeIgniter->runController(Object(App\Controllers\Register))
#2 C:\xampp\htdocs\sistemKeluhan\vendor\codeigniter4\framework\system\CodeIgniter.php(312): CodeIgniter\CodeIgniter->handleRequest(NULL, Object(Config\Cache), false)
#3 C:\xampp\htdocs\sistemKeluhan\public\index.php(45): CodeIgniter\CodeIgniter->run()
#4 C:\xampp\htdocs\sistemKeluhan\vendor\codeigniter4\framework\system\Commands\Server\rewrite.php(34): require_once('C:\\xampp\\htdocs...')
#5 {main}
CRITICAL - 2020-11-29 07:25:43 --> Duplicate entry '' for key 'PRIMARY'
#0 C:\xampp\htdocs\sistemKeluhan\vendor\codeigniter4\framework\system\Database\MySQLi\Connection.php(331): mysqli->query('INSERT INTO `us...')
#1 C:\xampp\htdocs\sistemKeluhan\vendor\codeigniter4\framework\system\Database\BaseConnection.php(741): CodeIgniter\Database\MySQLi\Connection->execute('INSERT INTO `us...')
#2 C:\xampp\htdocs\sistemKeluhan\vendor\codeigniter4\framework\system\Database\BaseConnection.php(669): CodeIgniter\Database\BaseConnection->simpleQuery('INSERT INTO `us...')
#3 C:\xampp\htdocs\sistemKeluhan\vendor\codeigniter4\framework\system\Database\BaseBuilder.php(2249): CodeIgniter\Database\BaseConnection->query('INSERT INTO `us...', Array, false)
#4 C:\xampp\htdocs\sistemKeluhan\vendor\codeigniter4\framework\system\Model.php(755): CodeIgniter\Database\BaseBuilder->insert()
#5 C:\xampp\htdocs\sistemKeluhan\vendor\codeigniter4\framework\system\Model.php(574): CodeIgniter\Model->insert(Array, false)
#6 C:\xampp\htdocs\sistemKeluhan\app\Controllers\Register.php(24): CodeIgniter\Model->save(Array)
#7 C:\xampp\htdocs\sistemKeluhan\vendor\codeigniter4\framework\system\CodeIgniter.php(918): App\Controllers\Register->save()
#8 C:\xampp\htdocs\sistemKeluhan\vendor\codeigniter4\framework\system\CodeIgniter.php(404): CodeIgniter\CodeIgniter->runController(Object(App\Controllers\Register))
#9 C:\xampp\htdocs\sistemKeluhan\vendor\codeigniter4\framework\system\CodeIgniter.php(312): CodeIgniter\CodeIgniter->handleRequest(NULL, Object(Config\Cache), false)
#10 C:\xampp\htdocs\sistemKeluhan\public\index.php(45): CodeIgniter\CodeIgniter->run()
#11 C:\xampp\htdocs\sistemKeluhan\vendor\codeigniter4\framework\system\Commands\Server\rewrite.php(34): require_once('C:\\xampp\\htdocs...')
#12 {main}
CRITICAL - 2020-11-29 07:26:31 --> Duplicate entry '' for key 'PRIMARY'
#0 C:\xampp\htdocs\sistemKeluhan\vendor\codeigniter4\framework\system\Database\MySQLi\Connection.php(331): mysqli->query('INSERT INTO `us...')
#1 C:\xampp\htdocs\sistemKeluhan\vendor\codeigniter4\framework\system\Database\BaseConnection.php(741): CodeIgniter\Database\MySQLi\Connection->execute('INSERT INTO `us...')
#2 C:\xampp\htdocs\sistemKeluhan\vendor\codeigniter4\framework\system\Database\BaseConnection.php(669): CodeIgniter\Database\BaseConnection->simpleQuery('INSERT INTO `us...')
#3 C:\xampp\htdocs\sistemKeluhan\vendor\codeigniter4\framework\system\Database\BaseBuilder.php(2249): CodeIgniter\Database\BaseConnection->query('INSERT INTO `us...', Array, false)
#4 C:\xampp\htdocs\sistemKeluhan\vendor\codeigniter4\framework\system\Model.php(755): CodeIgniter\Database\BaseBuilder->insert()
#5 C:\xampp\htdocs\sistemKeluhan\vendor\codeigniter4\framework\system\Model.php(574): CodeIgniter\Model->insert(Array, false)
#6 C:\xampp\htdocs\sistemKeluhan\app\Controllers\Register.php(24): CodeIgniter\Model->save(Array)
#7 C:\xampp\htdocs\sistemKeluhan\vendor\codeigniter4\framework\system\CodeIgniter.php(918): App\Controllers\Register->save()
#8 C:\xampp\htdocs\sistemKeluhan\vendor\codeigniter4\framework\system\CodeIgniter.php(404): CodeIgniter\CodeIgniter->runController(Object(App\Controllers\Register))
#9 C:\xampp\htdocs\sistemKeluhan\vendor\codeigniter4\framework\system\CodeIgniter.php(312): CodeIgniter\CodeIgniter->handleRequest(NULL, Object(Config\Cache), false)
#10 C:\xampp\htdocs\sistemKeluhan\public\index.php(45): CodeIgniter\CodeIgniter->run()
#11 C:\xampp\htdocs\sistemKeluhan\vendor\codeigniter4\framework\system\Commands\Server\rewrite.php(34): require_once('C:\\xampp\\htdocs...')
#12 {main}
CRITICAL - 2020-11-29 07:56:12 --> Class 'App\Models\LoginModel' not found
#0 C:\xampp\htdocs\sistemKeluhan\vendor\codeigniter4\framework\system\CodeIgniter.php(890): App\Controllers\Login->__construct()
#1 C:\xampp\htdocs\sistemKeluhan\vendor\codeigniter4\framework\system\CodeIgniter.php(399): CodeIgniter\CodeIgniter->createController()
#2 C:\xampp\htdocs\sistemKeluhan\vendor\codeigniter4\framework\system\CodeIgniter.php(312): CodeIgniter\CodeIgniter->handleRequest(NULL, Object(Config\Cache), false)
#3 C:\xampp\htdocs\sistemKeluhan\public\index.php(45): CodeIgniter\CodeIgniter->run()
#4 C:\xampp\htdocs\sistemKeluhan\vendor\codeigniter4\framework\system\Commands\Server\rewrite.php(34): require_once('C:\\xampp\\htdocs...')
#5 {main}
CRITICAL - 2020-11-29 08:17:45 --> Call to undefined function App\Controllers\isExist()
#0 C:\xampp\htdocs\sistemKeluhan\vendor\codeigniter4\framework\system\CodeIgniter.php(918): App\Controllers\Login->in()
#1 C:\xampp\htdocs\sistemKeluhan\vendor\codeigniter4\framework\system\CodeIgniter.php(404): CodeIgniter\CodeIgniter->runController(Object(App\Controllers\Login))
#2 C:\xampp\htdocs\sistemKeluhan\vendor\codeigniter4\framework\system\CodeIgniter.php(312): CodeIgniter\CodeIgniter->handleRequest(NULL, Object(Config\Cache), false)
#3 C:\xampp\htdocs\sistemKeluhan\public\index.php(45): CodeIgniter\CodeIgniter->run()
#4 C:\xampp\htdocs\sistemKeluhan\vendor\codeigniter4\framework\system\Commands\Server\rewrite.php(34): require_once('C:\\xampp\\htdocs...')
#5 {main}
CRITICAL - 2020-11-29 08:38:00 --> Uninitialized string offset: 0
#0 C:\xampp\htdocs\sistemKeluhan\app\Controllers\Login.php(30): CodeIgniter\Debug\Exceptions->errorHandler(8, 'Uninitialized s...', 'C:\\xampp\\htdocs...', 30, Array)
#1 C:\xampp\htdocs\sistemKeluhan\app\Controllers\Login.php(19): App\Controllers\Login->isExist('', 'sdfasf')
#2 C:\xampp\htdocs\sistemKeluhan\vendor\codeigniter4\framework\system\CodeIgniter.php(918): App\Controllers\Login->in()
#3 C:\xampp\htdocs\sistemKeluhan\vendor\codeigniter4\framework\system\CodeIgniter.php(404): CodeIgniter\CodeIgniter->runController(Object(App\Controllers\Login))
#4 C:\xampp\htdocs\sistemKeluhan\vendor\codeigniter4\framework\system\CodeIgniter.php(312): CodeIgniter\CodeIgniter->handleRequest(NULL, Object(Config\Cache), false)
#5 C:\xampp\htdocs\sistemKeluhan\public\index.php(45): CodeIgniter\CodeIgniter->run()
#6 C:\xampp\htdocs\sistemKeluhan\vendor\codeigniter4\framework\system\Commands\Server\rewrite.php(34): require_once('C:\\xampp\\htdocs...')
#7 {main}
CRITICAL - 2020-11-29 08:38:53 --> Uninitialized string offset: 0
#0 C:\xampp\htdocs\sistemKeluhan\app\Controllers\Login.php(33): CodeIgniter\Debug\Exceptions->errorHandler(8, 'Uninitialized s...', 'C:\\xampp\\htdocs...', 33, Array)
#1 C:\xampp\htdocs\sistemKeluhan\app\Controllers\Login.php(19): App\Controllers\Login->isExist('', 'sdfasfd')
#2 C:\xampp\htdocs\sistemKeluhan\vendor\codeigniter4\framework\system\CodeIgniter.php(918): App\Controllers\Login->in()
#3 C:\xampp\htdocs\sistemKeluhan\vendor\codeigniter4\framework\system\CodeIgniter.php(404): CodeIgniter\CodeIgniter->runController(Object(App\Controllers\Login))
#4 C:\xampp\htdocs\sistemKeluhan\vendor\codeigniter4\framework\system\CodeIgniter.php(312): CodeIgniter\CodeIgniter->handleRequest(NULL, Object(Config\Cache), false)
#5 C:\xampp\htdocs\sistemKeluhan\public\index.php(45): CodeIgniter\CodeIgniter->run()
#6 C:\xampp\htdocs\sistemKeluhan\vendor\codeigniter4\framework\system\Commands\Server\rewrite.php(34): require_once('C:\\xampp\\htdocs...')
#7 {main}
